{"/Users/exit/EXITFolder/work/interviews/Slice/index.js": {"path":"/Users/exit/EXITFolder/work/interviews/Slice/index.js","statementMap":{"0":{"start":{"line":1,"column":20},"end":{"line":1,"column":50}},"1":{"start":{"line":4,"column":0},"end":{"line":11,"column":1}},"2":{"start":{"line":5,"column":4},"end":{"line":10,"column":5}},"3":{"start":{"line":6,"column":19},"end":{"line":6,"column":52}},"4":{"start":{"line":7,"column":8},"end":{"line":7,"column":34}},"5":{"start":{"line":9,"column":8},"end":{"line":9,"column":43}},"6":{"start":{"line":14,"column":23},"end":{"line":14,"column":43}},"7":{"start":{"line":15,"column":4},"end":{"line":15,"column":33}},"8":{"start":{"line":19,"column":21},"end":{"line":19,"column":23}},"9":{"start":{"line":20,"column":26},"end":{"line":20,"column":43}},"10":{"start":{"line":21,"column":4},"end":{"line":26,"column":5}},"11":{"start":{"line":22,"column":33},"end":{"line":22,"column":61}},"12":{"start":{"line":23,"column":8},"end":{"line":23,"column":90}},"13":{"start":{"line":24,"column":8},"end":{"line":24,"column":25}},"14":{"start":{"line":25,"column":8},"end":{"line":25,"column":44}},"15":{"start":{"line":27,"column":4},"end":{"line":27,"column":21}},"16":{"start":{"line":31,"column":23},"end":{"line":31,"column":25}},"17":{"start":{"line":32,"column":4},"end":{"line":36,"column":5}},"18":{"start":{"line":33,"column":8},"end":{"line":33,"column":74}},"19":{"start":{"line":34,"column":10},"end":{"line":36,"column":5}},"20":{"start":{"line":35,"column":8},"end":{"line":35,"column":74}},"21":{"start":{"line":38,"column":4},"end":{"line":42,"column":5}},"22":{"start":{"line":39,"column":8},"end":{"line":39,"column":68}},"23":{"start":{"line":40,"column":10},"end":{"line":42,"column":5}},"24":{"start":{"line":41,"column":8},"end":{"line":41,"column":68}},"25":{"start":{"line":43,"column":4},"end":{"line":43,"column":23}},"26":{"start":{"line":47,"column":25},"end":{"line":47,"column":27}},"27":{"start":{"line":48,"column":4},"end":{"line":50,"column":5}},"28":{"start":{"line":49,"column":8},"end":{"line":49,"column":29}},"29":{"start":{"line":51,"column":4},"end":{"line":51,"column":25}},"30":{"start":{"line":54,"column":0},"end":{"line":54,"column":50}},"31":{"start":{"line":55,"column":0},"end":{"line":55,"column":34}},"32":{"start":{"line":56,"column":0},"end":{"line":56,"column":78}},"33":{"start":{"line":57,"column":0},"end":{"line":57,"column":64}}},"fnMap":{"0":{"name":"getPathFromInput","decl":{"start":{"line":13,"column":9},"end":{"line":13,"column":25}},"loc":{"start":{"line":13,"column":32},"end":{"line":16,"column":1}},"line":13},"1":{"name":"findPath","decl":{"start":{"line":18,"column":9},"end":{"line":18,"column":17}},"loc":{"start":{"line":18,"column":31},"end":{"line":28,"column":1}},"line":18},"2":{"name":"getSingleDestinationPathString","decl":{"start":{"line":30,"column":9},"end":{"line":30,"column":39}},"loc":{"start":{"line":30,"column":50},"end":{"line":44,"column":1}},"line":30},"3":{"name":"generateDuplicateString","decl":{"start":{"line":46,"column":9},"end":{"line":46,"column":32}},"loc":{"start":{"line":46,"column":43},"end":{"line":52,"column":1}},"line":46}},"branchMap":{"0":{"loc":{"start":{"line":4,"column":0},"end":{"line":11,"column":1}},"type":"if","locations":[{"start":{"line":4,"column":0},"end":{"line":11,"column":1}},{"start":{"line":4,"column":0},"end":{"line":11,"column":1}}],"line":4},"1":{"loc":{"start":{"line":32,"column":4},"end":{"line":36,"column":5}},"type":"if","locations":[{"start":{"line":32,"column":4},"end":{"line":36,"column":5}},{"start":{"line":32,"column":4},"end":{"line":36,"column":5}}],"line":32},"2":{"loc":{"start":{"line":34,"column":10},"end":{"line":36,"column":5}},"type":"if","locations":[{"start":{"line":34,"column":10},"end":{"line":36,"column":5}},{"start":{"line":34,"column":10},"end":{"line":36,"column":5}}],"line":34},"3":{"loc":{"start":{"line":38,"column":4},"end":{"line":42,"column":5}},"type":"if","locations":[{"start":{"line":38,"column":4},"end":{"line":42,"column":5}},{"start":{"line":38,"column":4},"end":{"line":42,"column":5}}],"line":38},"4":{"loc":{"start":{"line":40,"column":10},"end":{"line":42,"column":5}},"type":"if","locations":[{"start":{"line":40,"column":10},"end":{"line":42,"column":5}},{"start":{"line":40,"column":10},"end":{"line":42,"column":5}}],"line":40}},"s":{"0":1,"1":1,"2":0,"3":0,"4":0,"5":0,"6":2,"7":2,"8":4,"9":4,"10":4,"11":15,"12":15,"13":15,"14":15,"15":4,"16":17,"17":17,"18":9,"19":8,"20":2,"21":17,"22":8,"23":9,"24":5,"25":17,"26":26,"27":26,"28":50,"29":26,"30":1,"31":1,"32":1,"33":1},"f":{"0":2,"1":4,"2":17,"3":26},"b":{"0":[0,1],"1":[9,8],"2":[2,6],"3":[8,9],"4":[5,4]},"_coverageSchema":"332fd63041d2c1bcb487cc26dd0d5f7d97098a6c","hash":"f29fd164df778311ea8f990b05341a8e0e5d15fa"}
,"/Users/exit/EXITFolder/work/interviews/Slice/src/populateInput.js": {"path":"/Users/exit/EXITFolder/work/interviews/Slice/src/populateInput.js","statementMap":{"0":{"start":{"line":3,"column":4},"end":{"line":3,"column":21}},"1":{"start":{"line":5,"column":26},"end":{"line":9,"column":5}},"2":{"start":{"line":10,"column":21},"end":{"line":10,"column":37}},"3":{"start":{"line":13,"column":25},"end":{"line":13,"column":49}},"4":{"start":{"line":14,"column":4},"end":{"line":14,"column":64}},"5":{"start":{"line":15,"column":4},"end":{"line":15,"column":61}},"6":{"start":{"line":18,"column":33},"end":{"line":18,"column":63}},"7":{"start":{"line":19,"column":4},"end":{"line":31,"column":5}},"8":{"start":{"line":20,"column":35},"end":{"line":20,"column":74}},"9":{"start":{"line":21,"column":21},"end":{"line":21,"column":54}},"10":{"start":{"line":22,"column":18},"end":{"line":22,"column":51}},"11":{"start":{"line":23,"column":8},"end":{"line":25,"column":9}},"12":{"start":{"line":24,"column":12},"end":{"line":24,"column":52}},"13":{"start":{"line":27,"column":8},"end":{"line":30,"column":10}},"14":{"start":{"line":33,"column":4},"end":{"line":33,"column":26}},"15":{"start":{"line":37,"column":18},"end":{"line":37,"column":59}},"16":{"start":{"line":38,"column":4},"end":{"line":40,"column":5}},"17":{"start":{"line":39,"column":8},"end":{"line":39,"column":52}},"18":{"start":{"line":44,"column":2},"end":{"line":44,"column":32}},"19":{"start":{"line":45,"column":2},"end":{"line":45,"column":42}},"20":{"start":{"line":47,"column":0},"end":{"line":47,"column":44}},"21":{"start":{"line":50,"column":2},"end":{"line":50,"column":44}},"22":{"start":{"line":51,"column":2},"end":{"line":51,"column":47}},"23":{"start":{"line":53,"column":0},"end":{"line":53,"column":56}},"24":{"start":{"line":56,"column":0},"end":{"line":56,"column":30}},"25":{"start":{"line":57,"column":0},"end":{"line":57,"column":38}},"26":{"start":{"line":58,"column":0},"end":{"line":58,"column":50}},"27":{"start":{"line":59,"column":0},"end":{"line":59,"column":74}}},"fnMap":{"0":{"name":"populateInput","decl":{"start":{"line":2,"column":9},"end":{"line":2,"column":22}},"loc":{"start":{"line":2,"column":29},"end":{"line":34,"column":1}},"line":2},"1":{"name":"checkInput","decl":{"start":{"line":36,"column":9},"end":{"line":36,"column":19}},"loc":{"start":{"line":36,"column":26},"end":{"line":41,"column":1}},"line":36},"2":{"name":"NotWellFormError","decl":{"start":{"line":43,"column":9},"end":{"line":43,"column":25}},"loc":{"start":{"line":43,"column":28},"end":{"line":46,"column":1}},"line":43},"3":{"name":"DestinationIsOutOfRangeError","decl":{"start":{"line":49,"column":9},"end":{"line":49,"column":37}},"loc":{"start":{"line":49,"column":40},"end":{"line":52,"column":1}},"line":49}},"branchMap":{"0":{"loc":{"start":{"line":23,"column":8},"end":{"line":25,"column":9}},"type":"if","locations":[{"start":{"line":23,"column":8},"end":{"line":25,"column":9}},{"start":{"line":23,"column":8},"end":{"line":25,"column":9}}],"line":23},"1":{"loc":{"start":{"line":23,"column":11},"end":{"line":23,"column":77}},"type":"binary-expr","locations":[{"start":{"line":23,"column":11},"end":{"line":23,"column":45}},{"start":{"line":23,"column":49},"end":{"line":23,"column":77}}],"line":23},"2":{"loc":{"start":{"line":38,"column":4},"end":{"line":40,"column":5}},"type":"if","locations":[{"start":{"line":38,"column":4},"end":{"line":40,"column":5}},{"start":{"line":38,"column":4},"end":{"line":40,"column":5}}],"line":38}},"s":{"0":18,"1":8,"2":8,"3":8,"4":8,"5":8,"6":8,"7":8,"8":20,"9":20,"10":20,"11":20,"12":2,"13":18,"14":6,"15":18,"16":18,"17":10,"18":0,"19":0,"20":2,"21":2,"22":2,"23":2,"24":2,"25":2,"26":2,"27":2},"f":{"0":18,"1":18,"2":0,"3":2},"b":{"0":[2,18],"1":[20,19],"2":[10,8]},"_coverageSchema":"332fd63041d2c1bcb487cc26dd0d5f7d97098a6c","hash":"bde6c94615ceb1ed11abd33fbc2c6bb930b560fa"}
}
