TN:
SF:/Users/exit/EXITFolder/work/interviews/Slice/index.js
FN:13,getPathFromInput
FN:18,findPath
FN:30,getSingleDestinationPathString
FN:46,generateDuplicateString
FNF:4
FNH:4
FNDA:2,getPathFromInput
FNDA:4,findPath
FNDA:17,getSingleDestinationPathString
FNDA:26,generateDuplicateString
DA:1,1
DA:4,1
DA:5,0
DA:6,0
DA:7,0
DA:9,0
DA:14,2
DA:15,2
DA:19,4
DA:20,4
DA:21,4
DA:22,15
DA:23,15
DA:24,15
DA:25,15
DA:27,4
DA:31,17
DA:32,17
DA:33,9
DA:34,8
DA:35,2
DA:38,17
DA:39,8
DA:40,9
DA:41,5
DA:43,17
DA:47,26
DA:48,26
DA:49,50
DA:51,26
DA:54,1
DA:55,1
DA:56,1
DA:57,1
LF:34
LH:30
BRDA:4,0,0,0
BRDA:4,0,1,1
BRDA:32,1,0,9
BRDA:32,1,1,8
BRDA:34,2,0,2
BRDA:34,2,1,6
BRDA:38,3,0,8
BRDA:38,3,1,9
BRDA:40,4,0,5
BRDA:40,4,1,4
BRF:10
BRH:9
end_of_record
TN:
SF:/Users/exit/EXITFolder/work/interviews/Slice/src/populateInput.js
FN:2,populateInput
FN:36,checkInput
FN:43,NotWellFormError
FN:49,DestinationIsOutOfRangeError
FNF:4
FNH:3
FNDA:18,populateInput
FNDA:18,checkInput
FNDA:0,NotWellFormError
FNDA:2,DestinationIsOutOfRangeError
DA:3,18
DA:5,8
DA:10,8
DA:13,8
DA:14,8
DA:15,8
DA:18,8
DA:19,8
DA:20,20
DA:21,20
DA:22,20
DA:23,20
DA:24,2
DA:27,18
DA:33,6
DA:37,18
DA:38,18
DA:39,10
DA:44,0
DA:45,0
DA:47,2
DA:50,2
DA:51,2
DA:53,2
DA:56,2
DA:57,2
DA:58,2
DA:59,2
LF:28
LH:26
BRDA:23,0,0,2
BRDA:23,0,1,18
BRDA:23,1,0,20
BRDA:23,1,1,19
BRDA:38,2,0,10
BRDA:38,2,1,8
BRF:6
BRH:6
end_of_record
